Arguments: 
  C:\laragon\bin\nodejs\node-v18.12.1-win-x64\node.exe C:\laragon\bin\nodejs\node-v18.12.1-win-x64\node_modules\yarn\bin\yarn.js add express sqlite4 md5

PATH: 
  C:\Users\aminu\AppData\Local\Yarn\config\global\node_modules\.bin;C:\Users\aminu\AppData\Roaming\npm;C:\Users\aminu\AppData\Roaming\Composer\vendor\bin;;C:\laragon\bin\laragon\utils;C:\laragon\bin\mysql\mysql-5.7.33-winx64\bin;C:\laragon\bin\php\php-8.0;C:\laragon\bin\composer;C:\laragon\bin\apache\httpd-2.4.47-win64-VS16\bin;C:\laragon\bin\redis\redis-x64-3.2.100;C:\laragon\bin\nodejs\node-v18.12.1-win-x64;C:\laragon\bin\nginx\nginx-1.19.10;C:\laragon\bin\notepad++;C:\laragon\bin\telnet;C:\laragon\bin\ngrok;C:\laragon\bin\git\bin;C:\laragon\bin\git\cmd;C:\laragon\bin\git\usr\bin;C:\laragon\bin\git\mingw64\bin;C:\laragon\bin;C:\laragon\usr\bin;C:\laragon\bin\cmder\bin;C:\Program Files\Common Files\Oracle\Java\javapath;C:\Windows\system32;C:\Windows;C:\Windows\System32\Wbem;C:\Windows\System32\WindowsPowerShell\v1.0\;C:\Windows\System32\OpenSSH\;C:\ProgramData\chocolatey\bin;C:\msys64;C:\msys64\mingw64\bin;C:\Users\aminu\AppData\Roaming\nvm;C:\Program Files\nodejs;C:\Program Files (x86)\Yarn\bin\;C:\Program Files (x86)\dotnet\;C:\Program Files (x86)\NVIDIA Corporation\PhysX\Common;C:\Program Files\NVIDIA Corporation\NVIDIA NvDLISR;C:\Program Files\Go\bin;C:\xampp\php;C:\Users\aminu\Downloads\Programs\xampp;C:\Users\aminu\scoop\apps\oh-my-posh\current\bin;C:\Users\aminu\scoop\shims;C:\Users\aminu\AppData\Local\Programs\Python\Python310\Scripts\;C:\Users\aminu\AppData\Local\Programs\Python\Python310\;C:\Users\aminu\AppData\Local\Microsoft\WindowsApps;C:\Users\aminu\AppData\Local\Programs\Microsoft VS Code\bin;C:\Users\aminu\go\bin;C:\ProgramData\chocoportable\bin;C:\Users\aminu\AppData\Local\gitkraken\bin;C:\Users\aminu\AppData\Roaming\nvm;C:\Program Files\nodejs;C:\Users\aminu\AppData\Local\Yarn\bin;C:\Users\aminu\AppData\Local\GitHubDesktop\bin;C:\Program Files\JetBrains\WebStorm 2022.2.3\bin;;C:\MinGW\bin;C:\Users\aminu\AppData\Local\nvim;C:\Users\aminu\go\bin;C:\Users\aminu\AppData\Roaming\Composer\vendor\bin;C:\Users\aminu\scoop\apps\git-with-openssh\current\usr\bin;C:\Users\aminu\scoop\apps\git-with-openssh\current\usr\share\vim\vim74;C:\laragon\bin\cmder\;

Yarn version: 
  1.22.19

Node version: 
  18.12.1

Platform: 
  win32 x64

Trace: 
  Error: https://registry.yarnpkg.com/sqlite4: Not found
      at params.callback [as _callback] (C:\laragon\bin\nodejs\node-v18.12.1-win-x64\node_modules\yarn\lib\cli.js:66145:18)
      at self.callback (C:\laragon\bin\nodejs\node-v18.12.1-win-x64\node_modules\yarn\lib\cli.js:140890:22)
      at Request.emit (node:events:513:28)
      at Request.<anonymous> (C:\laragon\bin\nodejs\node-v18.12.1-win-x64\node_modules\yarn\lib\cli.js:141862:10)
      at Request.emit (node:events:513:28)
      at IncomingMessage.<anonymous> (C:\laragon\bin\nodejs\node-v18.12.1-win-x64\node_modules\yarn\lib\cli.js:141784:12)
      at Object.onceWrapper (node:events:627:28)
      at IncomingMessage.emit (node:events:525:35)
      at endReadableNT (node:internal/streams/readable:1359:12)
      at process.processTicksAndRejections (node:internal/process/task_queues:82:21)

npm manifest: 
  No manifest

yarn manifest: 
  No manifest

Lockfile: 
  # THIS IS AN AUTOGENERATED FILE. DO NOT EDIT THIS FILE DIRECTLY.
  # yarn lockfile v1
